
> @common/now-playing_cards@0.0.1 prepublishOnly D:\Developer\Application\NowPlayingCard\NPM\Common
> Build 'Source/**/*.ts'


  Target\Function\Encrypt.js  549b 
  Target\Function\Access.js   363b 
  Target\Function\Decrypt.js  362b 
  Target\Function\Get.js      280b 
  Target\Function\Put.js      178b 
  ...and 9 more output files...

⚡ Done in 61ms

  Target/Function/Encrypt.js ───────────────── 549b ── 100.0%
   └ Source/Function/Encrypt.ts ────────────── 527b ─── 96.0%

  Target/Function/Access.js ────────────────── 363b ── 100.0%
   └ Source/Function/Access.ts ─────────────── 315b ─── 86.8%

  Target/Function/Decrypt.js ───────────────── 362b ── 100.0%
   └ Source/Function/Decrypt.ts ────────────── 340b ─── 93.9%

  Target/Function/Get.js ───────────────────── 280b ── 100.0%
   └ Source/Function/Get.ts ────────────────── 243b ─── 86.8%

  Target/Function/Put.js ───────────────────── 178b ── 100.0%
   └ Source/Function/Put.ts ────────────────── 141b ─── 79.2%

  Target/Function/Uint8ArrayFromObject.js ──── 166b ── 100.0%
   └ Source/Function/Uint8ArrayFromObject.ts ─ 144b ─── 86.7%

  Target/Interface/Access.js ─────────────────── 0b ── 100.0%

  Target/Interface/Data.js ───────────────────── 0b ── 100.0%

  Target/Interface/Decrypt.js ────────────────── 0b ── 100.0%

  Target/Interface/Encrypt.js ────────────────── 0b ── 100.0%

  Target/Interface/Get.js ────────────────────── 0b ── 100.0%

  Target/Interface/Object.js ─────────────────── 0b ── 100.0%

  Target/Interface/Put.js ────────────────────── 0b ── 100.0%

  Target/Interface/Uint8ArrayFromObject.js ───── 0b ── 100.0%

